This file contains any messages produced by compilers while
running configure, to aid debugging if configure makes a mistake.

It was created by configure, which was
generated by GNU Autoconf 2.59.  Invocation command line was

  $ ./configure 

## --------- ##
## Platform. ##
## --------- ##

hostname = santacitta
uname -m = i686
uname -r = 2.6.15-27-k7
uname -s = Linux
uname -v = #1 SMP PREEMPT Sat Sep 16 02:35:20 UTC 2006

/usr/bin/uname -p = unknown
/bin/uname -X     = unknown

/bin/arch              = i686
/usr/bin/arch -k       = unknown
/usr/convex/getsysinfo = unknown
hostinfo               = unknown
/bin/machine           = unknown
/usr/bin/oslevel       = unknown
/bin/universe          = unknown

PATH: /opt/mono-1.2.5.1/bin
PATH: /opt/mono-1.2.5.1/bin
PATH: /usr/local/sbin
PATH: /usr/local/bin
PATH: /usr/sbin
PATH: /usr/bin
PATH: /sbin
PATH: /bin
PATH: /usr/bin/X11
PATH: /usr/games
PATH: /usr/local/kde/bin


## ----------- ##
## Core tests. ##
## ----------- ##

configure:1356: checking for a BSD-compatible install
configure:1411: result: /usr/bin/install -c
configure:1422: checking whether build environment is sane
configure:1465: result: yes
configure:1530: checking for gawk
configure:1546: found /usr/bin/gawk
configure:1556: result: gawk
configure:1566: checking whether make sets $(MAKE)
configure:1586: result: yes
configure:1756: checking whether to enable maintainer-specific portions of Makefiles
configure:1765: result: no
configure:1793: checking for style of include used by make
configure:1821: result: GNU
configure:1892: checking for gcc
configure:1908: found /usr/local/bin/gcc
configure:1918: result: gcc
configure:2162: checking for C compiler version
configure:2165: gcc --version </dev/null >&5
gcc (GCC) 4.0.3 (gdc 0.21, using dmd 1.00)
Copyright (C) 2006 Free Software Foundation, Inc.
This is free software; see the source for copying conditions.  There is NO
warranty; not even for MERCHANTABILITY or FITNESS FOR A PARTICULAR PURPOSE.

configure:2168: $? = 0
configure:2170: gcc -v </dev/null >&5
Using built-in specs.
Target: i686-pc-linux-gnu
Configured with: ../configure --enable-languages=c,c++,d
Thread model: posix
gcc version 4.0.3 (gdc 0.21, using dmd 1.00)
configure:2173: $? = 0
configure:2175: gcc -V </dev/null >&5
gcc: '-V' option must have argument
configure:2178: $? = 1
configure:2201: checking for C compiler default output file name
configure:2204: gcc    conftest.c  >&5
configure:2207: $? = 0
configure:2253: result: a.out
configure:2258: checking whether the C compiler works
configure:2264: ./a.out
configure:2267: $? = 0
configure:2284: result: yes
configure:2291: checking whether we are cross compiling
configure:2293: result: no
configure:2296: checking for suffix of executables
configure:2298: gcc -o conftest    conftest.c  >&5
configure:2301: $? = 0
configure:2326: result: 
configure:2332: checking for suffix of object files
configure:2353: gcc -c   conftest.c >&5
configure:2356: $? = 0
configure:2378: result: o
configure:2382: checking whether we are using the GNU C compiler
configure:2406: gcc -c   conftest.c >&5
configure:2412: $? = 0
configure:2415: test -z 			 || test ! -s conftest.err
configure:2418: $? = 0
configure:2421: test -s conftest.o
configure:2424: $? = 0
configure:2437: result: yes
configure:2443: checking whether gcc accepts -g
configure:2464: gcc -c -g  conftest.c >&5
configure:2470: $? = 0
configure:2473: test -z 			 || test ! -s conftest.err
configure:2476: $? = 0
configure:2479: test -s conftest.o
configure:2482: $? = 0
configure:2493: result: yes
configure:2510: checking for gcc option to accept ANSI C
configure:2580: gcc  -c -g -O2  conftest.c >&5
configure:2586: $? = 0
configure:2589: test -z 			 || test ! -s conftest.err
configure:2592: $? = 0
configure:2595: test -s conftest.o
configure:2598: $? = 0
configure:2616: result: none needed
configure:2634: gcc -c -g -O2  conftest.c >&5
conftest.c:2: error: syntax error before 'me'
configure:2640: $? = 1
configure: failed program was:
| #ifndef __cplusplus
|   choke me
| #endif
configure:2772: checking dependency style of gcc
configure:2862: result: gcc3
configure:2880: checking for library containing strerror
configure:2910: gcc -o conftest -g -O2   conftest.c  >&5
configure:2916: $? = 0
configure:2919: test -z 			 || test ! -s conftest.err
configure:2922: $? = 0
configure:2925: test -s conftest
configure:2928: $? = 0
configure:2997: result: none required
configure:3050: checking for gcc
configure:3076: result: gcc
configure:3320: checking for C compiler version
configure:3323: gcc --version </dev/null >&5
gcc (GCC) 4.0.3 (gdc 0.21, using dmd 1.00)
Copyright (C) 2006 Free Software Foundation, Inc.
This is free software; see the source for copying conditions.  There is NO
warranty; not even for MERCHANTABILITY or FITNESS FOR A PARTICULAR PURPOSE.

configure:3326: $? = 0
configure:3328: gcc -v </dev/null >&5
Using built-in specs.
Target: i686-pc-linux-gnu
Configured with: ../configure --enable-languages=c,c++,d
Thread model: posix
gcc version 4.0.3 (gdc 0.21, using dmd 1.00)
configure:3331: $? = 0
configure:3333: gcc -V </dev/null >&5
gcc: '-V' option must have argument
configure:3336: $? = 1
configure:3339: checking whether we are using the GNU C compiler
configure:3394: result: yes
configure:3400: checking whether gcc accepts -g
configure:3450: result: yes
configure:3467: checking for gcc option to accept ANSI C
configure:3573: result: none needed
configure:3591: gcc -c -g -O2  conftest.c >&5
conftest.c:2: error: syntax error before 'me'
configure:3597: $? = 1
configure: failed program was:
| #ifndef __cplusplus
|   choke me
| #endif
configure:3729: checking dependency style of gcc
configure:3819: result: gcc3
configure:3882: checking for gcc
configure:3908: result: gcc
configure:4152: checking for C compiler version
configure:4155: gcc --version </dev/null >&5
gcc (GCC) 4.0.3 (gdc 0.21, using dmd 1.00)
Copyright (C) 2006 Free Software Foundation, Inc.
This is free software; see the source for copying conditions.  There is NO
warranty; not even for MERCHANTABILITY or FITNESS FOR A PARTICULAR PURPOSE.

configure:4158: $? = 0
configure:4160: gcc -v </dev/null >&5
Using built-in specs.
Target: i686-pc-linux-gnu
Configured with: ../configure --enable-languages=c,c++,d
Thread model: posix
gcc version 4.0.3 (gdc 0.21, using dmd 1.00)
configure:4163: $? = 0
configure:4165: gcc -V </dev/null >&5
gcc: '-V' option must have argument
configure:4168: $? = 1
configure:4171: checking whether we are using the GNU C compiler
configure:4226: result: yes
configure:4232: checking whether gcc accepts -g
configure:4282: result: yes
configure:4299: checking for gcc option to accept ANSI C
configure:4405: result: none needed
configure:4423: gcc -c -g -O2  conftest.c >&5
conftest.c:2: error: syntax error before 'me'
configure:4429: $? = 1
configure: failed program was:
| #ifndef __cplusplus
|   choke me
| #endif
configure:4561: checking dependency style of gcc
configure:4651: result: gcc3
configure:4676: checking how to run the C preprocessor
configure:4711: gcc -E  conftest.c
configure:4717: $? = 0
configure:4749: gcc -E  conftest.c
conftest.c:11:28: error: ac_nonexistent.h: No such file or directory
configure:4755: $? = 1
configure: failed program was:
| /* confdefs.h.  */
| 
| #define PACKAGE_NAME ""
| #define PACKAGE_TARNAME ""
| #define PACKAGE_VERSION ""
| #define PACKAGE_STRING ""
| #define PACKAGE_BUGREPORT ""
| #define PACKAGE "console-gtk"
| #define VERSION "0.1"
| /* end confdefs.h.  */
| #include <ac_nonexistent.h>
configure:4794: result: gcc -E
configure:4818: gcc -E  conftest.c
configure:4824: $? = 0
configure:4856: gcc -E  conftest.c
conftest.c:11:28: error: ac_nonexistent.h: No such file or directory
configure:4862: $? = 1
configure: failed program was:
| /* confdefs.h.  */
| 
| #define PACKAGE_NAME ""
| #define PACKAGE_TARNAME ""
| #define PACKAGE_VERSION ""
| #define PACKAGE_STRING ""
| #define PACKAGE_BUGREPORT ""
| #define PACKAGE "console-gtk"
| #define VERSION "0.1"
| /* end confdefs.h.  */
| #include <ac_nonexistent.h>
configure:4906: checking for egrep
configure:4916: result: grep -E
configure:4921: checking for ANSI C header files
configure:4946: gcc -c -g -O2  conftest.c >&5
configure:4952: $? = 0
configure:4955: test -z 			 || test ! -s conftest.err
configure:4958: $? = 0
configure:4961: test -s conftest.o
configure:4964: $? = 0
configure:5053: gcc -o conftest -g -O2   conftest.c  >&5
conftest.c: In function 'main':
conftest.c:28: warning: incompatible implicit declaration of built-in function 'exit'
configure:5056: $? = 0
configure:5058: ./conftest
configure:5061: $? = 0
configure:5076: result: yes
configure:5136: checking for pkg-config
configure:5154: found /usr/bin/pkg-config
configure:5166: result: /usr/bin/pkg-config
configure:5181: checking pkg-config is at least version 0.9.0
configure:5184: result: yes
configure:5195: checking for PACKAGE
configure:5203: $PKG_CONFIG --exists --print-errors "$pkg_modules"
configure:5206: $? = 0
configure:5221: $PKG_CONFIG --exists --print-errors "$pkg_modules"
configure:5224: $? = 0
configure:5300: result: yes
configure:5330: checking for sys/types.h
configure:5346: gcc -c -g -O2  conftest.c >&5
configure:5352: $? = 0
configure:5355: test -z 			 || test ! -s conftest.err
configure:5358: $? = 0
configure:5361: test -s conftest.o
configure:5364: $? = 0
configure:5375: result: yes
configure:5330: checking for sys/stat.h
configure:5346: gcc -c -g -O2  conftest.c >&5
configure:5352: $? = 0
configure:5355: test -z 			 || test ! -s conftest.err
configure:5358: $? = 0
configure:5361: test -s conftest.o
configure:5364: $? = 0
configure:5375: result: yes
configure:5330: checking for stdlib.h
configure:5346: gcc -c -g -O2  conftest.c >&5
configure:5352: $? = 0
configure:5355: test -z 			 || test ! -s conftest.err
configure:5358: $? = 0
configure:5361: test -s conftest.o
configure:5364: $? = 0
configure:5375: result: yes
configure:5330: checking for string.h
configure:5346: gcc -c -g -O2  conftest.c >&5
configure:5352: $? = 0
configure:5355: test -z 			 || test ! -s conftest.err
configure:5358: $? = 0
configure:5361: test -s conftest.o
configure:5364: $? = 0
configure:5375: result: yes
configure:5330: checking for memory.h
configure:5346: gcc -c -g -O2  conftest.c >&5
configure:5352: $? = 0
configure:5355: test -z 			 || test ! -s conftest.err
configure:5358: $? = 0
configure:5361: test -s conftest.o
configure:5364: $? = 0
configure:5375: result: yes
configure:5330: checking for strings.h
configure:5346: gcc -c -g -O2  conftest.c >&5
configure:5352: $? = 0
configure:5355: test -z 			 || test ! -s conftest.err
configure:5358: $? = 0
configure:5361: test -s conftest.o
configure:5364: $? = 0
configure:5375: result: yes
configure:5330: checking for inttypes.h
configure:5346: gcc -c -g -O2  conftest.c >&5
configure:5352: $? = 0
configure:5355: test -z 			 || test ! -s conftest.err
configure:5358: $? = 0
configure:5361: test -s conftest.o
configure:5364: $? = 0
configure:5375: result: yes
configure:5330: checking for stdint.h
configure:5346: gcc -c -g -O2  conftest.c >&5
configure:5352: $? = 0
configure:5355: test -z 			 || test ! -s conftest.err
configure:5358: $? = 0
configure:5361: test -s conftest.o
configure:5364: $? = 0
configure:5375: result: yes
configure:5330: checking for unistd.h
configure:5346: gcc -c -g -O2  conftest.c >&5
configure:5352: $? = 0
configure:5355: test -z 			 || test ! -s conftest.err
configure:5358: $? = 0
configure:5361: test -s conftest.o
configure:5364: $? = 0
configure:5375: result: yes
configure:5402: checking locale.h usability
configure:5414: gcc -c -g -O2  conftest.c >&5
configure:5420: $? = 0
configure:5423: test -z 			 || test ! -s conftest.err
configure:5426: $? = 0
configure:5429: test -s conftest.o
configure:5432: $? = 0
configure:5442: result: yes
configure:5446: checking locale.h presence
configure:5456: gcc -E  conftest.c
configure:5462: $? = 0
configure:5482: result: yes
configure:5517: checking for locale.h
configure:5524: result: yes
configure:5538: checking for LC_MESSAGES
configure:5559: gcc -o conftest -g -O2   conftest.c  >&5
configure:5565: $? = 0
configure:5568: test -z 			 || test ! -s conftest.err
configure:5571: $? = 0
configure:5574: test -s conftest
configure:5577: $? = 0
configure:5589: result: yes
configure:5618: checking libintl.h usability
configure:5630: gcc -c -g -O2  conftest.c >&5
configure:5636: $? = 0
configure:5639: test -z 			 || test ! -s conftest.err
configure:5642: $? = 0
configure:5645: test -s conftest.o
configure:5648: $? = 0
configure:5658: result: yes
configure:5662: checking libintl.h presence
configure:5672: gcc -E  conftest.c
configure:5678: $? = 0
configure:5698: result: yes
configure:5733: checking for libintl.h
configure:5740: result: yes
configure:5751: checking for ngettext in libc
configure:5774: gcc -o conftest -g -O2   conftest.c  >&5
configure:5780: $? = 0
configure:5783: test -z 			 || test ! -s conftest.err
configure:5786: $? = 0
configure:5789: test -s conftest
configure:5792: $? = 0
configure:5805: result: yes
configure:5809: checking for dgettext in libc
configure:5832: gcc -o conftest -g -O2   conftest.c  >&5
configure:5838: $? = 0
configure:5841: test -z 			 || test ! -s conftest.err
configure:5844: $? = 0
configure:5847: test -s conftest
configure:5850: $? = 0
configure:5863: result: yes
configure:5872: checking for bind_textdomain_codeset
configure:5929: gcc -o conftest -g -O2   conftest.c  >&5
configure:5935: $? = 0
configure:5938: test -z 			 || test ! -s conftest.err
configure:5941: $? = 0
configure:5944: test -s conftest
configure:5947: $? = 0
configure:5959: result: yes
configure:6463: checking for msgfmt
configure:6490: result: /usr/bin/msgfmt
configure:6503: checking for dcgettext
configure:6560: gcc -o conftest -g -O2   conftest.c   >&5
conftest.c:50: warning: conflicting types for built-in function 'dcgettext'
configure:6566: $? = 0
configure:6569: test -z 			 || test ! -s conftest.err
configure:6572: $? = 0
configure:6575: test -s conftest
configure:6578: $? = 0
configure:6590: result: yes
configure:6602: checking for gmsgfmt
configure:6633: result: /usr/bin/msgfmt
configure:6642: checking for xgettext
configure:6669: result: /usr/bin/xgettext
configure:6693: gcc -o conftest -g -O2   conftest.c   >&5
configure:6699: $? = 0
configure:6702: test -z 			 || test ! -s conftest.err
configure:6705: $? = 0
configure:6708: test -s conftest
configure:6711: $? = 0
configure:7072: creating ./config.status

## ---------------------- ##
## Running config.status. ##
## ---------------------- ##

This file was extended by config.status, which was
generated by GNU Autoconf 2.59.  Invocation command line was

  CONFIG_FILES    = 
  CONFIG_HEADERS  = 
  CONFIG_LINKS    = 
  CONFIG_COMMANDS = 
  $ ./config.status 

on santacitta

config.status:755: creating Makefile
config.status:755: creating src/Makefile
config.status:755: creating po/Makefile.in
config.status:821: creating config.h
config.status:941: config.h is unchanged
config.status:1121: executing depfiles commands
config.status:1121: executing default-1 commands

## ---------------- ##
## Cache variables. ##
## ---------------- ##

ac_cv_c_compiler_gnu=yes
ac_cv_env_CC_set=
ac_cv_env_CC_value=
ac_cv_env_CFLAGS_set=
ac_cv_env_CFLAGS_value=
ac_cv_env_CPPFLAGS_set=
ac_cv_env_CPPFLAGS_value=
ac_cv_env_CPP_set=
ac_cv_env_CPP_value=
ac_cv_env_LDFLAGS_set=
ac_cv_env_LDFLAGS_value=
ac_cv_env_PACKAGE_CFLAGS_set=
ac_cv_env_PACKAGE_CFLAGS_value=
ac_cv_env_PACKAGE_LIBS_set=
ac_cv_env_PACKAGE_LIBS_value=
ac_cv_env_PKG_CONFIG_set=
ac_cv_env_PKG_CONFIG_value=
ac_cv_env_build_alias_set=
ac_cv_env_build_alias_value=
ac_cv_env_host_alias_set=
ac_cv_env_host_alias_value=
ac_cv_env_target_alias_set=
ac_cv_env_target_alias_value=
ac_cv_exeext=
ac_cv_func_bind_textdomain_codeset=yes
ac_cv_func_dcgettext=yes
ac_cv_header_inttypes_h=yes
ac_cv_header_libintl_h=yes
ac_cv_header_locale_h=yes
ac_cv_header_memory_h=yes
ac_cv_header_stdc=yes
ac_cv_header_stdint_h=yes
ac_cv_header_stdlib_h=yes
ac_cv_header_string_h=yes
ac_cv_header_strings_h=yes
ac_cv_header_sys_stat_h=yes
ac_cv_header_sys_types_h=yes
ac_cv_header_unistd_h=yes
ac_cv_objext=o
ac_cv_path_GMSGFMT=/usr/bin/msgfmt
ac_cv_path_MSGFMT=/usr/bin/msgfmt
ac_cv_path_XGETTEXT=/usr/bin/xgettext
ac_cv_path_ac_pt_PKG_CONFIG=/usr/bin/pkg-config
ac_cv_path_install='/usr/bin/install -c'
ac_cv_prog_AWK=gawk
ac_cv_prog_CPP='gcc -E'
ac_cv_prog_ac_ct_CC=gcc
ac_cv_prog_cc_g=yes
ac_cv_prog_cc_stdc=
ac_cv_prog_egrep='grep -E'
ac_cv_prog_make_make_set=yes
ac_cv_search_strerror='none required'
am_cv_CC_dependencies_compiler_type=gcc3
am_cv_prog_cc_stdc=
am_cv_val_LC_MESSAGES=yes
gt_cv_func_dgettext_libc=yes
gt_cv_func_dgettext_libintl=no
gt_cv_func_ngettext_libc=yes
gt_cv_have_gettext=yes
pkg_cv_PACKAGE_CFLAGS='-I/usr/include/gtk-2.0 -I/usr/lib/gtk-2.0/include -I/usr/include/atk-1.0 -I/usr/include/cairo -I/usr/include/pango-1.0 -I/usr/include/glib-2.0 -I/usr/lib/glib-2.0/include  '
pkg_cv_PACKAGE_LIBS='-lgtk-x11-2.0 -lgdk-x11-2.0 -latk-1.0 -lgdk_pixbuf-2.0 -lm -lpangocairo-1.0 -lfontconfig -lXext -lXrender -lXinerama -lXi -lXrandr -lXcursor -lXfixes -lpango-1.0 -lcairo -lX11 -lgobject-2.0 -lgmodule-2.0 -ldl -lglib-2.0  '

## ----------------- ##
## Output variables. ##
## ----------------- ##

ACLOCAL='${SHELL} /home/hg8lhs/Desktop/Archívum/Informatika/ARM_ATMEL/Development/12_Project_I/console-gtk/missing --run aclocal-1.9'
AMDEPBACKSLASH='\'
AMDEP_FALSE='#'
AMDEP_TRUE=''
AMTAR='${SHELL} /home/hg8lhs/Desktop/Archívum/Informatika/ARM_ATMEL/Development/12_Project_I/console-gtk/missing --run tar'
AUTOCONF='${SHELL} /home/hg8lhs/Desktop/Archívum/Informatika/ARM_ATMEL/Development/12_Project_I/console-gtk/missing --run autoconf'
AUTOHEADER='${SHELL} /home/hg8lhs/Desktop/Archívum/Informatika/ARM_ATMEL/Development/12_Project_I/console-gtk/missing --run autoheader'
AUTOMAKE='${SHELL} /home/hg8lhs/Desktop/Archívum/Informatika/ARM_ATMEL/Development/12_Project_I/console-gtk/missing --run automake-1.9'
AWK='gawk'
CATALOGS=''
CATOBJEXT='.gmo'
CC='gcc'
CCDEPMODE='depmode=gcc3'
CFLAGS='-g -O2'
CPP='gcc -E'
CPPFLAGS=''
CYGPATH_W='echo'
DATADIRNAME='share'
DEFS='-DHAVE_CONFIG_H'
DEPDIR='.deps'
ECHO_C=''
ECHO_N='-n'
ECHO_T=''
EGREP='grep -E'
EXEEXT=''
GETTEXT_PACKAGE='console-gtk'
GMOFILES=''
GMSGFMT='/usr/bin/msgfmt'
INSTALL_DATA='${INSTALL} -m 644'
INSTALL_PROGRAM='${INSTALL}'
INSTALL_SCRIPT='${INSTALL}'
INSTALL_STRIP_PROGRAM='${SHELL} $(install_sh) -c -s'
INSTOBJEXT='.mo'
INTLLIBS=''
LDFLAGS=''
LIBOBJS=''
LIBS=''
LTLIBOBJS=''
MAINT='#'
MAINTAINER_MODE_FALSE=''
MAINTAINER_MODE_TRUE='#'
MAKEINFO='${SHELL} /home/hg8lhs/Desktop/Archívum/Informatika/ARM_ATMEL/Development/12_Project_I/console-gtk/missing --run makeinfo'
MKINSTALLDIRS='./mkinstalldirs'
MSGFMT='/usr/bin/msgfmt'
OBJEXT='o'
PACKAGE='console-gtk'
PACKAGE_BUGREPORT=''
PACKAGE_CFLAGS='-I/usr/include/gtk-2.0 -I/usr/lib/gtk-2.0/include -I/usr/include/atk-1.0 -I/usr/include/cairo -I/usr/include/pango-1.0 -I/usr/include/glib-2.0 -I/usr/lib/glib-2.0/include  '
PACKAGE_LIBS='-lgtk-x11-2.0 -lgdk-x11-2.0 -latk-1.0 -lgdk_pixbuf-2.0 -lm -lpangocairo-1.0 -lfontconfig -lXext -lXrender -lXinerama -lXi -lXrandr -lXcursor -lXfixes -lpango-1.0 -lcairo -lX11 -lgobject-2.0 -lgmodule-2.0 -ldl -lglib-2.0  '
PACKAGE_NAME=''
PACKAGE_STRING=''
PACKAGE_TARNAME=''
PACKAGE_VERSION=''
PATH_SEPARATOR=':'
PKG_CONFIG='/usr/bin/pkg-config'
POFILES=''
POSUB='po'
PO_IN_DATADIR_FALSE=''
PO_IN_DATADIR_TRUE=''
SET_MAKE=''
SHELL='/bin/sh'
STRIP=''
USE_NLS='yes'
VERSION='0.1'
XGETTEXT='/usr/bin/xgettext'
ac_ct_CC='gcc'
ac_ct_STRIP=''
ac_pt_PKG_CONFIG='/usr/bin/pkg-config'
am__fastdepCC_FALSE='#'
am__fastdepCC_TRUE=''
am__include='include'
am__leading_dot='.'
am__quote=''
am__tar='${AMTAR} chof - "$$tardir"'
am__untar='${AMTAR} xf -'
bindir='${exec_prefix}/bin'
build_alias=''
datadir='${prefix}/share'
exec_prefix='${prefix}'
host_alias=''
includedir='${prefix}/include'
infodir='${prefix}/info'
install_sh='/home/hg8lhs/Desktop/Archívum/Informatika/ARM_ATMEL/Development/12_Project_I/console-gtk/install-sh'
libdir='${exec_prefix}/lib'
libexecdir='${exec_prefix}/libexec'
localstatedir='${prefix}/var'
mandir='${prefix}/man'
mkdir_p='mkdir -p --'
oldincludedir='/usr/include'
prefix='/usr/local'
program_transform_name='s,x,x,'
sbindir='${exec_prefix}/sbin'
sharedstatedir='${prefix}/com'
sysconfdir='${prefix}/etc'
target_alias=''

## ----------- ##
## confdefs.h. ##
## ----------- ##

#define ENABLE_NLS 1
#define GETTEXT_PACKAGE "console-gtk"
#define HAVE_BIND_TEXTDOMAIN_CODESET 1
#define HAVE_DCGETTEXT 1
#define HAVE_GETTEXT 1
#define HAVE_INTTYPES_H 1
#define HAVE_LC_MESSAGES 1
#define HAVE_LOCALE_H 1
#define HAVE_MEMORY_H 1
#define HAVE_STDINT_H 1
#define HAVE_STDLIB_H 1
#define HAVE_STRINGS_H 1
#define HAVE_STRING_H 1
#define HAVE_SYS_STAT_H 1
#define HAVE_SYS_TYPES_H 1
#define HAVE_UNISTD_H 1
#define PACKAGE "console-gtk"
#define PACKAGE_BUGREPORT ""
#define PACKAGE_NAME ""
#define PACKAGE_STRING ""
#define PACKAGE_TARNAME ""
#define PACKAGE_VERSION ""
#define STDC_HEADERS 1
#define VERSION "0.1"

configure: exit 0

## ---------------------- ##
## Running config.status. ##
## ---------------------- ##

This file was extended by config.status, which was
generated by GNU Autoconf 2.59.  Invocation command line was

  CONFIG_FILES    = po/Makefile.in
  CONFIG_HEADERS  = 
  CONFIG_LINKS    = 
  CONFIG_COMMANDS = 
  $ ./config.status 

on santacitta

config.status:755: creating po/Makefile.in
config.status:1121: executing depfiles commands
config.status:1121: executing default-1 commands
